<?xml version="1.0" encoding="UTF-8"?>
<!-- Generated by org.testng.reporters.JUnitReportReporter -->
<testsuite hostname="NODE2104" failures="0" tests="1" name="GSPANN.Appium.Luma_Magento.testCases" time="59.291" errors="0" timestamp="2023-01-18T23:47:03 IST" skipped="0">
  <testcase classname="GSPANN.Appium.Luma_Magento.testCases" name="orderProduct" time="59.291"/>
  <system-out/>
</testsuite> <!-- GSPANN.Appium.Luma_Magento.testCases -->
